-------------------------------------------------------------------------------
Test set: com.javaricci.BibliaJFA.BibliaJFATests
-------------------------------------------------------------------------------
Tests run: 1, Failures: 0, Errors: 1, Skipped: 0, Time elapsed: 0.224 s <<< FAILURE! - in com.javaricci.BibliaJFA.BibliaJFATests
com.javaricci.BibliaJFA.BibliaJFATests  Time elapsed: 0.222 s  <<< ERROR!
java.lang.IllegalStateException: Unable to find a @SpringBootConfiguration, you need to use @ContextConfiguration or @SpringBootTest(classes=...) with your test

